#
# There is insufficient memory for the Java Runtime Environment to continue.
# Native memory allocation (malloc) failed to allocate 433616 bytes for Chunk::new
# Possible reasons:
#   The system is out of physical RAM or swap space
#   The process is running with CompressedOops enabled, and the Java Heap may be blocking the growth of the native heap
# Possible solutions:
#   Reduce memory load on the system
#   Increase physical memory or swap space
#   Check if swap backing store is full
#   Decrease Java heap size (-Xmx/-Xms)
#   Decrease number of Java threads
#   Decrease Java thread stack sizes (-Xss)
#   Set larger code cache with -XX:ReservedCodeCacheSize=
#   JVM is running with Unscaled Compressed Oops mode in which the Java heap is
#     placed in the first 4GB address space. The Java Heap base address is the
#     maximum limit for the native heap growth. Please use -XX:HeapBaseMinAddress
#     to set the Java Heap base and to place the Java Heap above 4GB virtual address.
# This output file may be truncated or incomplete.
#
#  Out of Memory Error (./open/src/hotspot/share/memory/arena.cpp:197), pid=19780, tid=11412
#
# JRE version: Java(TM) SE Runtime Environment 18.9 (11.0.11+9) (build 11.0.11+9-LTS-194)
# Java VM: Java HotSpot(TM) 64-Bit Server VM 18.9 (11.0.11+9-LTS-194, mixed mode, tiered, compressed oops, g1 gc, windows-amd64)
# No core dump will be written. Minidumps are not enabled by default on client versions of Windows
#

---------------  S U M M A R Y ------------

Command Line: -ea -Didea.test.cyclic.buffer.size=1048576 -javaagent:C:\Program Files\JetBrains\IntelliJ IDEA Community Edition 2021.3.1\lib\idea_rt.jar=60907:C:\Program Files\JetBrains\IntelliJ IDEA Community Edition 2021.3.1\bin -Dfile.encoding=UTF-8 com.intellij.rt.testng.RemoteTestNGStarter -usedefaultlisteners false -socket60906 @w@C:\Users\fatih\AppData\Local\Temp\idea_working_dirs_testng.tmp -temp C:\Users\fatih\AppData\Local\Temp\idea_testng.tmp

Host: Intel(R) Core(TM) i5-8250U CPU @ 1.60GHz, 8 cores, 7G,  Windows 10 , 64 bit Build 22000 (10.0.22000.434)
Time: Fri Jan 28 16:28:59 2022 GMT Standard Time elapsed time: 5.884404 seconds (0d 0h 0m 5s)

---------------  T H R E A D  ---------------

Current thread (0x000001d73425f000):  JavaThread "C2 CompilerThread0" daemon [_thread_in_native, id=11412, stack(0x0000002c75700000,0x0000002c75800000)]


Current CompileTask:
C2:   5884 2027       4       java.io.DataInputStream::readUTF (501 bytes)

Stack: [0x0000002c75700000,0x0000002c75800000]
Native frames: (J=compiled Java code, j=interpreted, Vv=VM code, C=native code)
V  [jvm.dll+0x616f2a]
V  [jvm.dll+0x74de7f]
V  [jvm.dll+0x74f505]
V  [jvm.dll+0x74fb83]
V  [jvm.dll+0x2436d8]
V  [jvm.dll+0xba68c]
V  [jvm.dll+0xbad8c]
V  [jvm.dll+0x346272]
V  [jvm.dll+0x3140c3]
V  [jvm.dll+0x31340a]
V  [jvm.dll+0x1fd045]
V  [jvm.dll+0x1fc22f]
V  [jvm.dll+0x17f0bc]
V  [jvm.dll+0x20b68c]
V  [jvm.dll+0x20978b]
V  [jvm.dll+0x7152c9]
V  [jvm.dll+0x70dfc4]
V  [jvm.dll+0x6160f6]
C  [ucrtbase.dll+0x26c0c]
C  [KERNEL32.DLL+0x154e0]
C  [ntdll.dll+0x485b]


---------------  P R O C E S S  ---------------

Threads class SMR info:
_java_thread_list=0x000001d736440af0, length=21, elements={
0x000001d7154a8800, 0x000001d734245800, 0x000001d734246800, 0x000001d73425a000,
0x000001d73425b000, 0x000001d73425f000, 0x000001d734263800, 0x000001d734bbc800,
0x000001d734d1e800, 0x000001d734db5800, 0x000001d734f94800, 0x000001d736078000,
0x000001d7355ff000, 0x000001d736160000, 0x000001d735db5000, 0x000001d7361ad800,
0x000001d735fa6000, 0x000001d736177800, 0x000001d7363ab800, 0x000001d7363da800,
0x000001d736400800
}

Java Threads: ( => current thread )
  0x000001d7154a8800 JavaThread "main" [_thread_blocked, id=4176, stack(0x0000002c74c00000,0x0000002c74d00000)]
  0x000001d734245800 JavaThread "Reference Handler" daemon [_thread_blocked, id=13548, stack(0x0000002c75300000,0x0000002c75400000)]
  0x000001d734246800 JavaThread "Finalizer" daemon [_thread_blocked, id=17920, stack(0x0000002c75400000,0x0000002c75500000)]
  0x000001d73425a000 JavaThread "Signal Dispatcher" daemon [_thread_blocked, id=11444, stack(0x0000002c75500000,0x0000002c75600000)]
  0x000001d73425b000 JavaThread "Attach Listener" daemon [_thread_blocked, id=21712, stack(0x0000002c75600000,0x0000002c75700000)]
=>0x000001d73425f000 JavaThread "C2 CompilerThread0" daemon [_thread_in_native, id=11412, stack(0x0000002c75700000,0x0000002c75800000)]
  0x000001d734263800 JavaThread "C1 CompilerThread0" daemon [_thread_blocked, id=16496, stack(0x0000002c75800000,0x0000002c75900000)]
  0x000001d734bbc800 JavaThread "Sweeper thread" daemon [_thread_blocked, id=18728, stack(0x0000002c75900000,0x0000002c75a00000)]
  0x000001d734d1e800 JavaThread "Common-Cleaner" daemon [_thread_blocked, id=25396, stack(0x0000002c75a00000,0x0000002c75b00000)]
  0x000001d734db5800 JavaThread "Monitor Ctrl-Break" daemon [_thread_in_native, id=18396, stack(0x0000002c75c00000,0x0000002c75d00000)]
  0x000001d734f94800 JavaThread "Service Thread" daemon [_thread_blocked, id=2616, stack(0x0000002c75d00000,0x0000002c75e00000)]
  0x000001d736078000 JavaThread "ForkJoinPool.commonPool-worker-3" daemon [_thread_blocked, id=15792, stack(0x0000002c76200000,0x0000002c76300000)]
  0x000001d7355ff000 JavaThread "AsyncHttpClient-1-1" daemon [_thread_blocked, id=7340, stack(0x0000002c76400000,0x0000002c76500000)]
  0x000001d736160000 JavaThread "Exec Default Executor" daemon [_thread_in_native, id=16504, stack(0x0000002c76100000,0x0000002c76200000)]
  0x000001d735db5000 JavaThread "Driver Service Executor" daemon [_thread_blocked, id=23048, stack(0x0000002c76500000,0x0000002c76600000)]
  0x000001d7361ad800 JavaThread "Driver Service Executor" daemon [_thread_blocked, id=16680, stack(0x0000002c76600000,0x0000002c76700000)]
  0x000001d735fa6000 JavaThread "UrlChecker-2" daemon [_thread_blocked, id=23252, stack(0x0000002c76700000,0x0000002c76800000)]
  0x000001d736177800 JavaThread "Exec Stream Pumper" daemon [_thread_in_native, id=18568, stack(0x0000002c76900000,0x0000002c76a00000)]
  0x000001d7363ab800 JavaThread "Exec Stream Pumper" daemon [_thread_in_native, id=7928, stack(0x0000002c76a00000,0x0000002c76b00000)]
  0x000001d7363da800 JavaThread "Keep-Alive-Timer" daemon [_thread_blocked, id=20964, stack(0x0000002c76b00000,0x0000002c76c00000)]
  0x000001d736400800 JavaThread "AsyncHttpClient-1-2" daemon [_thread_in_native, id=13704, stack(0x0000002c76000000,0x0000002c76100000)]
  0x000001d736401800 JavaThread "AsyncHttpClient-1-3" daemon [_thread_blocked, id=25980, stack(0x0000002c76c00000,0x0000002c76d00000)]

Other Threads:
  0x000001d734221000 VMThread "VM Thread" [stack: 0x0000002c75200000,0x0000002c75300000] [id=15044]
  0x000001d734f96800 WatcherThread [stack: 0x0000002c75e00000,0x0000002c75f00000] [id=18676]
  0x000001d7154bd800 GCTaskThread "GC Thread#0" [stack: 0x0000002c74d00000,0x0000002c74e00000] [id=11552]
  0x000001d734d60800 GCTaskThread "GC Thread#1" [stack: 0x0000002c75b00000,0x0000002c75c00000] [id=9432]
  0x000001d735596800 GCTaskThread "GC Thread#2" [stack: 0x0000002c75f00000,0x0000002c76000000] [id=10476]
  0x000001d7154ee000 ConcurrentGCThread "G1 Main Marker" [stack: 0x0000002c74e00000,0x0000002c74f00000] [id=17644]
  0x000001d7154f0800 ConcurrentGCThread "G1 Conc#0" [stack: 0x0000002c74f00000,0x0000002c75000000] [id=492]
  0x000001d73605f800 ConcurrentGCThread "G1 Conc#1" [stack: 0x0000002c76300000,0x0000002c76400000] [id=11448]
  0x000001d71557d800 ConcurrentGCThread "G1 Refine#0" [stack: 0x0000002c75000000,0x0000002c75100000] [id=14460]
  0x000001d734088800 ConcurrentGCThread "G1 Young RemSet Sampling" [stack: 0x0000002c75100000,0x0000002c75200000] [id=14492]

Threads with active compile tasks:
C2 CompilerThread0   5942 2027       4       java.io.DataInputStream::readUTF (501 bytes)
C1 CompilerThread0   5942 2090       3       java.lang.Class::getInterfaces (49 bytes)

VM state:at safepoint (normal execution)

VM Mutex/Monitor currently owned by a thread:  ([mutex/lock_event])
[0x000001d7154a4e00] Threads_lock - owner thread: 0x000001d734221000
[0x000001d7154a5430] Compile_lock - owner thread: 0x0000000000000000

Heap address: 0x0000000081400000, size: 2028 MB, Compressed Oops mode: 32-bit
Narrow klass base: 0x0000000000000000, Narrow klass shift: 3
Compressed class space size: 1073741824 Address: 0x0000000100000000

Heap:
 garbage-first heap   total 131072K, used 34103K [0x0000000081400000, 0x0000000100000000)
  region size 1024K, 9 young (9216K), 3 survivors (3072K)
 Metaspace       used 30360K, capacity 31194K, committed 31280K, reserved 1077248K
  class space    used 3517K, capacity 3889K, committed 3968K, reserved 1048576K
Heap Regions: E=young(eden), S=young(survivor), O=old, HS=humongous(starts), HC=humongous(continues), CS=collection set, F=free, A=archive, TAMS=top-at-mark-start (previous, next)
|   0|0x0000000081400000, 0x0000000081500000, 0x0000000081500000|100%| O|  |TAMS 0x0000000081500000, 0x0000000081400000| Untracked 
|   1|0x0000000081500000, 0x0000000081600000, 0x0000000081600000|100%| O|  |TAMS 0x00000000815c3a00, 0x0000000081500000| Untracked 
|   2|0x0000000081600000, 0x0000000081700000, 0x0000000081700000|100%|HS|  |TAMS 0x0000000081600000, 0x0000000081600000| Complete 
|   3|0x0000000081700000, 0x0000000081800000, 0x0000000081800000|100%|HC|  |TAMS 0x0000000081700000, 0x0000000081700000| Complete 
|   4|0x0000000081800000, 0x0000000081900000, 0x0000000081900000|100%|HC|  |TAMS 0x0000000081800000, 0x0000000081800000| Complete 
|   5|0x0000000081900000, 0x0000000081a00000, 0x0000000081a00000|100%|HC|  |TAMS 0x0000000081900000, 0x0000000081900000| Complete 
|   6|0x0000000081a00000, 0x0000000081b00000, 0x0000000081b00000|100%|HC|  |TAMS 0x0000000081a00000, 0x0000000081a00000| Complete 
|   7|0x0000000081b00000, 0x0000000081c00000, 0x0000000081c00000|100%|HC|  |TAMS 0x0000000081b00000, 0x0000000081b00000| Complete 
|   8|0x0000000081c00000, 0x0000000081d00000, 0x0000000081d00000|100%|HC|  |TAMS 0x0000000081c00000, 0x0000000081c00000| Complete 
|   9|0x0000000081d00000, 0x0000000081e00000, 0x0000000081e00000|100%|HC|  |TAMS 0x0000000081d00000, 0x0000000081d00000| Complete 
|  10|0x0000000081e00000, 0x0000000081f00000, 0x0000000081f00000|100%|HC|  |TAMS 0x0000000081e00000, 0x0000000081e00000| Complete 
|  11|0x0000000081f00000, 0x0000000082000000, 0x0000000082000000|100%|HC|  |TAMS 0x0000000081f00000, 0x0000000081f00000| Complete 
|  12|0x0000000082000000, 0x0000000082100000, 0x0000000082100000|100%|HC|  |TAMS 0x0000000082000000, 0x0000000082000000| Complete 
|  13|0x0000000082100000, 0x0000000082200000, 0x0000000082200000|100%|HC|  |TAMS 0x0000000082100000, 0x0000000082100000| Complete 
|  14|0x0000000082200000, 0x0000000082300000, 0x0000000082300000|100%|HC|  |TAMS 0x0000000082200000, 0x0000000082200000| Complete 
|  15|0x0000000082300000, 0x0000000082400000, 0x0000000082400000|100%|HC|  |TAMS 0x0000000082300000, 0x0000000082300000| Complete 
|  16|0x0000000082400000, 0x0000000082500000, 0x0000000082500000|100%|HC|  |TAMS 0x0000000082400000, 0x0000000082400000| Complete 
|  17|0x0000000082500000, 0x0000000082600000, 0x0000000082600000|100%|HC|  |TAMS 0x0000000082500000, 0x0000000082500000| Complete 
|  18|0x0000000082600000, 0x0000000082700000, 0x0000000082700000|100%|HC|  |TAMS 0x0000000082600000, 0x0000000082600000| Complete 
|  19|0x0000000082700000, 0x0000000082800000, 0x0000000082800000|100%| O|  |TAMS 0x0000000082700000, 0x0000000082700000| Untracked 
|  20|0x0000000082800000, 0x0000000082900000, 0x0000000082900000|100%| O|  |TAMS 0x0000000082800000, 0x0000000082800000| Untracked 
|  21|0x0000000082900000, 0x0000000082a00000, 0x0000000082a00000|100%| O|  |TAMS 0x0000000082900000, 0x0000000082900000| Untracked 
|  22|0x0000000082a00000, 0x0000000082b00000, 0x0000000082b00000|100%| O|  |TAMS 0x0000000082a00000, 0x0000000082a00000| Untracked 
|  23|0x0000000082b00000, 0x0000000082c00000, 0x0000000082c00000|100%| O|  |TAMS 0x0000000082b00000, 0x0000000082b00000| Untracked 
|  24|0x0000000082c00000, 0x0000000082d00000, 0x0000000082d00000|100%| O|  |TAMS 0x0000000082c00000, 0x0000000082c00000| Untracked 
|  25|0x0000000082d00000, 0x0000000082db6200, 0x0000000082e00000| 71%| O|  |TAMS 0x0000000082d00000, 0x0000000082d00000| Untracked 
|  26|0x0000000082e00000, 0x0000000082e00000, 0x0000000082f00000|  0%| F|  |TAMS 0x0000000082e00000, 0x0000000082e00000| Untracked 
|  27|0x0000000082f00000, 0x0000000082f00000, 0x0000000083000000|  0%| F|  |TAMS 0x0000000082f00000, 0x0000000082f00000| Untracked 
|  28|0x0000000083000000, 0x0000000083000000, 0x0000000083100000|  0%| F|  |TAMS 0x0000000083000000, 0x0000000083000000| Untracked 
|  29|0x0000000083100000, 0x0000000083100000, 0x0000000083200000|  0%| F|  |TAMS 0x0000000083100000, 0x0000000083100000| Untracked 
|  30|0x0000000083200000, 0x0000000083200000, 0x0000000083300000|  0%| F|  |TAMS 0x0000000083200000, 0x0000000083200000| Untracked 
|  31|0x0000000083300000, 0x0000000083300000, 0x0000000083400000|  0%| F|  |TAMS 0x0000000083300000, 0x0000000083300000| Untracked 
|  32|0x0000000083400000, 0x0000000083400000, 0x0000000083500000|  0%| F|  |TAMS 0x0000000083400000, 0x0000000083400000| Untracked 
|  33|0x0000000083500000, 0x0000000083500000, 0x0000000083600000|  0%| F|  |TAMS 0x0000000083500000, 0x0000000083500000| Untracked 
|  34|0x0000000083600000, 0x0000000083600000, 0x0000000083700000|  0%| F|  |TAMS 0x0000000083600000, 0x0000000083600000| Untracked 
|  35|0x0000000083700000, 0x0000000083700000, 0x0000000083800000|  0%| F|  |TAMS 0x0000000083700000, 0x0000000083700000| Untracked 
|  36|0x0000000083800000, 0x0000000083800000, 0x0000000083900000|  0%| F|  |TAMS 0x0000000083800000, 0x0000000083800000| Untracked 
|  37|0x0000000083900000, 0x0000000083900000, 0x0000000083a00000|  0%| F|  |TAMS 0x0000000083900000, 0x0000000083900000| Untracked 
|  38|0x0000000083a00000, 0x0000000083a00000, 0x0000000083b00000|  0%| F|  |TAMS 0x0000000083a00000, 0x0000000083a00000| Untracked 
|  39|0x0000000083b00000, 0x0000000083b00000, 0x0000000083c00000|  0%| F|  |TAMS 0x0000000083b00000, 0x0000000083b00000| Untracked 
|  40|0x0000000083c00000, 0x0000000083c00000, 0x0000000083d00000|  0%| F|  |TAMS 0x0000000083c00000, 0x0000000083c00000| Untracked 
|  41|0x0000000083d00000, 0x0000000083d00000, 0x0000000083e00000|  0%| F|  |TAMS 0x0000000083d00000, 0x0000000083d00000| Untracked 
|  42|0x0000000083e00000, 0x0000000083e00000, 0x0000000083f00000|  0%| F|  |TAMS 0x0000000083e00000, 0x0000000083e00000| Untracked 
|  43|0x0000000083f00000, 0x0000000083f00000, 0x0000000084000000|  0%| F|  |TAMS 0x0000000083f00000, 0x0000000083f00000| Untracked 
|  44|0x0000000084000000, 0x0000000084000000, 0x0000000084100000|  0%| F|  |TAMS 0x0000000084000000, 0x0000000084000000| Untracked 
|  45|0x0000000084100000, 0x0000000084100000, 0x0000000084200000|  0%| F|  |TAMS 0x0000000084100000, 0x0000000084100000| Untracked 
|  46|0x0000000084200000, 0x0000000084200000, 0x0000000084300000|  0%| F|  |TAMS 0x0000000084200000, 0x0000000084200000| Untracked 
|  47|0x0000000084300000, 0x0000000084300000, 0x0000000084400000|  0%| F|  |TAMS 0x0000000084300000, 0x0000000084300000| Untracked 
|  48|0x0000000084400000, 0x0000000084400000, 0x0000000084500000|  0%| F|  |TAMS 0x0000000084400000, 0x0000000084400000| Untracked 
|  49|0x0000000084500000, 0x0000000084500000, 0x0000000084600000|  0%| F|  |TAMS 0x0000000084500000, 0x0000000084500000| Untracked 
|  50|0x0000000084600000, 0x0000000084600000, 0x0000000084700000|  0%| F|  |TAMS 0x0000000084600000, 0x0000000084600000| Untracked 
|  51|0x0000000084700000, 0x0000000084700000, 0x0000000084800000|  0%| F|  |TAMS 0x0000000084700000, 0x0000000084700000| Untracked 
|  52|0x0000000084800000, 0x0000000084800000, 0x0000000084900000|  0%| F|  |TAMS 0x0000000084800000, 0x0000000084800000| Untracked 
|  53|0x0000000084900000, 0x0000000084900000, 0x0000000084a00000|  0%| F|  |TAMS 0x0000000084900000, 0x0000000084900000| Untracked 
|  54|0x0000000084a00000, 0x0000000084a00000, 0x0000000084b00000|  0%| F|  |TAMS 0x0000000084a00000, 0x0000000084a00000| Untracked 
|  55|0x0000000084b00000, 0x0000000084b00000, 0x0000000084c00000|  0%| F|  |TAMS 0x0000000084b00000, 0x0000000084b00000| Untracked 
|  56|0x0000000084c00000, 0x0000000084c00000, 0x0000000084d00000|  0%| F|  |TAMS 0x0000000084c00000, 0x0000000084c00000| Untracked 
|  57|0x0000000084d00000, 0x0000000084d00000, 0x0000000084e00000|  0%| F|  |TAMS 0x0000000084d00000, 0x0000000084d00000| Untracked 
|  58|0x0000000084e00000, 0x0000000084e00000, 0x0000000084f00000|  0%| F|  |TAMS 0x0000000084e00000, 0x0000000084e00000| Untracked 
|  59|0x0000000084f00000, 0x0000000084f00000, 0x0000000085000000|  0%| F|  |TAMS 0x0000000084f00000, 0x0000000084f00000| Untracked 
|  60|0x0000000085000000, 0x0000000085000000, 0x0000000085100000|  0%| F|  |TAMS 0x0000000085000000, 0x0000000085000000| Untracked 
|  61|0x0000000085100000, 0x0000000085100000, 0x0000000085200000|  0%| F|  |TAMS 0x0000000085100000, 0x0000000085100000| Untracked 
|  62|0x0000000085200000, 0x0000000085200000, 0x0000000085300000|  0%| F|  |TAMS 0x0000000085200000, 0x0000000085200000| Untracked 
|  63|0x0000000085300000, 0x0000000085300000, 0x0000000085400000|  0%| F|  |TAMS 0x0000000085300000, 0x0000000085300000| Untracked 
|  64|0x0000000085400000, 0x0000000085400000, 0x0000000085500000|  0%| F|  |TAMS 0x0000000085400000, 0x0000000085400000| Untracked 
|  65|0x0000000085500000, 0x0000000085500000, 0x0000000085600000|  0%| F|  |TAMS 0x0000000085500000, 0x0000000085500000| Untracked 
|  66|0x0000000085600000, 0x0000000085600000, 0x0000000085700000|  0%| F|  |TAMS 0x0000000085600000, 0x0000000085600000| Untracked 
|  67|0x0000000085700000, 0x0000000085700000, 0x0000000085800000|  0%| F|  |TAMS 0x0000000085700000, 0x0000000085700000| Untracked 
|  68|0x0000000085800000, 0x0000000085800000, 0x0000000085900000|  0%| F|  |TAMS 0x0000000085800000, 0x0000000085800000| Untracked 
|  69|0x0000000085900000, 0x0000000085900000, 0x0000000085a00000|  0%| F|  |TAMS 0x0000000085900000, 0x0000000085900000| Untracked 
|  70|0x0000000085a00000, 0x0000000085a00000, 0x0000000085b00000|  0%| F|  |TAMS 0x0000000085a00000, 0x0000000085a00000| Untracked 
|  71|0x0000000085b00000, 0x0000000085b00000, 0x0000000085c00000|  0%| F|  |TAMS 0x0000000085b00000, 0x0000000085b00000| Untracked 
|  72|0x0000000085c00000, 0x0000000085c97c40, 0x0000000085d00000| 59%| S|CS|TAMS 0x0000000085c00000, 0x0000000085c00000| Complete 
|  73|0x0000000085d00000, 0x0000000085e00000, 0x0000000085e00000|100%| S|CS|TAMS 0x0000000085d00000, 0x0000000085d00000| Complete 
|  74|0x0000000085e00000, 0x0000000085e00000, 0x0000000085f00000|  0%| F|  |TAMS 0x0000000085e00000, 0x0000000085e00000| Untracked 
|  75|0x0000000085f00000, 0x0000000085f00000, 0x0000000086000000|  0%| F|  |TAMS 0x0000000085f00000, 0x0000000085f00000| Untracked 
|  76|0x0000000086000000, 0x0000000086000000, 0x0000000086100000|  0%| F|  |TAMS 0x0000000086000000, 0x0000000086000000| Untracked 
|  77|0x0000000086100000, 0x0000000086100000, 0x0000000086200000|  0%| F|  |TAMS 0x0000000086100000, 0x0000000086100000| Untracked 
|  78|0x0000000086200000, 0x0000000086200000, 0x0000000086300000|  0%| F|  |TAMS 0x0000000086200000, 0x0000000086200000| Untracked 
|  79|0x0000000086300000, 0x0000000086300000, 0x0000000086400000|  0%| F|  |TAMS 0x0000000086300000, 0x0000000086300000| Untracked 
|  80|0x0000000086400000, 0x0000000086400000, 0x0000000086500000|  0%| F|  |TAMS 0x0000000086400000, 0x0000000086400000| Untracked 
|  81|0x0000000086500000, 0x0000000086500000, 0x0000000086600000|  0%| F|  |TAMS 0x0000000086500000, 0x0000000086500000| Untracked 
|  82|0x0000000086600000, 0x0000000086700000, 0x0000000086700000|100%| S|CS|TAMS 0x0000000086600000, 0x0000000086600000| Complete 
|  83|0x0000000086700000, 0x0000000086700000, 0x0000000086800000|  0%| F|  |TAMS 0x0000000086700000, 0x0000000086700000| Untracked 
|  84|0x0000000086800000, 0x0000000086800000, 0x0000000086900000|  0%| F|  |TAMS 0x0000000086800000, 0x0000000086800000| Untracked 
|  85|0x0000000086900000, 0x0000000086900000, 0x0000000086a00000|  0%| F|  |TAMS 0x0000000086900000, 0x0000000086900000| Untracked 
|  86|0x0000000086a00000, 0x0000000086a00000, 0x0000000086b00000|  0%| F|  |TAMS 0x0000000086a00000, 0x0000000086a00000| Untracked 
|  87|0x0000000086b00000, 0x0000000086b00000, 0x0000000086c00000|  0%| F|  |TAMS 0x0000000086b00000, 0x0000000086b00000| Untracked 
|  88|0x0000000086c00000, 0x0000000086c00000, 0x0000000086d00000|  0%| F|  |TAMS 0x0000000086c00000, 0x0000000086c00000| Untracked 
|  89|0x0000000086d00000, 0x0000000086d00000, 0x0000000086e00000|  0%| F|  |TAMS 0x0000000086d00000, 0x0000000086d00000| Untracked 
|  90|0x0000000086e00000, 0x0000000086e00000, 0x0000000086f00000|  0%| F|  |TAMS 0x0000000086e00000, 0x0000000086e00000| Untracked 
|  91|0x0000000086f00000, 0x0000000086f00000, 0x0000000087000000|  0%| F|  |TAMS 0x0000000086f00000, 0x0000000086f00000| Untracked 
|  92|0x0000000087000000, 0x0000000087000000, 0x0000000087100000|  0%| F|  |TAMS 0x0000000087000000, 0x0000000087000000| Untracked 
|  93|0x0000000087100000, 0x0000000087100000, 0x0000000087200000|  0%| F|  |TAMS 0x0000000087100000, 0x0000000087100000| Untracked 
|  94|0x0000000087200000, 0x0000000087200000, 0x0000000087300000|  0%| F|  |TAMS 0x0000000087200000, 0x0000000087200000| Untracked 
|  95|0x0000000087300000, 0x0000000087300000, 0x0000000087400000|  0%| F|  |TAMS 0x0000000087300000, 0x0000000087300000| Untracked 
|  96|0x0000000087400000, 0x0000000087400000, 0x0000000087500000|  0%| F|  |TAMS 0x0000000087400000, 0x0000000087400000| Untracked 
|  97|0x0000000087500000, 0x0000000087500000, 0x0000000087600000|  0%| F|  |TAMS 0x0000000087500000, 0x0000000087500000| Untracked 
|  98|0x0000000087600000, 0x0000000087600000, 0x0000000087700000|  0%| F|  |TAMS 0x0000000087600000, 0x0000000087600000| Untracked 
|  99|0x0000000087700000, 0x0000000087700000, 0x0000000087800000|  0%| F|  |TAMS 0x0000000087700000, 0x0000000087700000| Untracked 
| 100|0x0000000087800000, 0x0000000087800000, 0x0000000087900000|  0%| F|  |TAMS 0x0000000087800000, 0x0000000087800000| Untracked 
| 101|0x0000000087900000, 0x0000000087900000, 0x0000000087a00000|  0%| F|  |TAMS 0x0000000087900000, 0x0000000087900000| Untracked 
| 102|0x0000000087a00000, 0x0000000087a00000, 0x0000000087b00000|  0%| F|  |TAMS 0x0000000087a00000, 0x0000000087a00000| Untracked 
| 103|0x0000000087b00000, 0x0000000087b00000, 0x0000000087c00000|  0%| F|  |TAMS 0x0000000087b00000, 0x0000000087b00000| Untracked 
| 104|0x0000000087c00000, 0x0000000087c00000, 0x0000000087d00000|  0%| F|  |TAMS 0x0000000087c00000, 0x0000000087c00000| Untracked 
| 105|0x0000000087d00000, 0x0000000087d00000, 0x0000000087e00000|  0%| F|  |TAMS 0x0000000087d00000, 0x0000000087d00000| Untracked 
| 106|0x0000000087e00000, 0x0000000087e00000, 0x0000000087f00000|  0%| F|  |TAMS 0x0000000087e00000, 0x0000000087e00000| Untracked 
| 107|0x0000000087f00000, 0x0000000087f00000, 0x0000000088000000|  0%| F|  |TAMS 0x0000000087f00000, 0x0000000087f00000| Untracked 
| 108|0x0000000088000000, 0x0000000088000000, 0x0000000088100000|  0%| F|  |TAMS 0x0000000088000000, 0x0000000088000000| Untracked 
| 109|0x0000000088100000, 0x0000000088100000, 0x0000000088200000|  0%| F|  |TAMS 0x0000000088100000, 0x0000000088100000| Untracked 
| 110|0x0000000088200000, 0x0000000088200000, 0x0000000088300000|  0%| F|  |TAMS 0x0000000088200000, 0x0000000088200000| Untracked 
| 111|0x0000000088300000, 0x0000000088300000, 0x0000000088400000|  0%| F|  |TAMS 0x0000000088300000, 0x0000000088300000| Untracked 
| 112|0x0000000088400000, 0x0000000088400000, 0x0000000088500000|  0%| F|  |TAMS 0x0000000088400000, 0x0000000088400000| Untracked 
| 113|0x0000000088500000, 0x0000000088500000, 0x0000000088600000|  0%| F|  |TAMS 0x0000000088500000, 0x0000000088500000| Untracked 
| 114|0x0000000088600000, 0x0000000088600000, 0x0000000088700000|  0%| F|  |TAMS 0x0000000088600000, 0x0000000088600000| Untracked 
| 115|0x0000000088700000, 0x0000000088700000, 0x0000000088800000|  0%| F|  |TAMS 0x0000000088700000, 0x0000000088700000| Untracked 
| 116|0x0000000088800000, 0x0000000088800000, 0x0000000088900000|  0%| F|  |TAMS 0x0000000088800000, 0x0000000088800000| Untracked 
| 117|0x0000000088900000, 0x0000000088900000, 0x0000000088a00000|  0%| F|  |TAMS 0x0000000088900000, 0x0000000088900000| Untracked 
| 118|0x0000000088a00000, 0x0000000088a00000, 0x0000000088b00000|  0%| F|  |TAMS 0x0000000088a00000, 0x0000000088a00000| Untracked 
| 119|0x0000000088b00000, 0x0000000088b00000, 0x0000000088c00000|  0%| F|  |TAMS 0x0000000088b00000, 0x0000000088b00000| Untracked 
| 120|0x0000000088c00000, 0x0000000088c00000, 0x0000000088d00000|  0%| F|  |TAMS 0x0000000088c00000, 0x0000000088c00000| Untracked 
| 121|0x0000000088d00000, 0x0000000088d00000, 0x0000000088e00000|  0%| F|  |TAMS 0x0000000088d00000, 0x0000000088d00000| Untracked 
| 122|0x0000000088e00000, 0x0000000088ec5240, 0x0000000088f00000| 77%| E|  |TAMS 0x0000000088e00000, 0x0000000088e00000| Complete 
| 123|0x0000000088f00000, 0x0000000089000000, 0x0000000089000000|100%| E|CS|TAMS 0x0000000088f00000, 0x0000000088f00000| Complete 
| 124|0x0000000089000000, 0x0000000089100000, 0x0000000089100000|100%| E|CS|TAMS 0x0000000089000000, 0x0000000089000000| Complete 
| 125|0x0000000089100000, 0x0000000089200000, 0x0000000089200000|100%| E|CS|TAMS 0x0000000089100000, 0x0000000089100000| Complete 
| 126|0x0000000089200000, 0x0000000089300000, 0x0000000089300000|100%| E|CS|TAMS 0x0000000089200000, 0x0000000089200000| Complete 
| 127|0x0000000089300000, 0x0000000089400000, 0x0000000089400000|100%| E|CS|TAMS 0x0000000089300000, 0x0000000089300000| Complete 

Card table byte_map: [0x000001d72d090000,0x000001d72d490000] _byte_map_base: 0x000001d72cc86000

Marking Bits (Prev, Next): (CMBitMap*) 0x000001d7154e54f0, (CMBitMap*) 0x000001d7154e54b8
 Prev Bits: [0x000001d72f840000, 0x000001d7317f0000)
 Next Bits: [0x000001d72d890000, 0x000001d72f840000)

Polling page: 0x000001d713440000

Metaspace:

Usage:
  Non-class:     26.67 MB capacity,    26.21 MB ( 98%) used,   367.85 KB (  1%) free+waste,    93.13 KB ( <1%) overhead. 
      Class:      3.80 MB capacity,     3.44 MB ( 90%) used,   325.49 KB (  8%) free+waste,    45.94 KB (  1%) overhead. 
       Both:     30.46 MB capacity,    29.65 MB ( 97%) used,   693.34 KB (  2%) free+waste,   139.06 KB ( <1%) overhead. 

Virtual space:
  Non-class space:       28.00 MB reserved,      26.67 MB ( 95%) committed 
      Class space:        1.00 GB reserved,       3.88 MB ( <1%) committed 
             Both:        1.03 GB reserved,      30.55 MB (  3%) committed 

Chunk freelists:
   Non-Class:  896 bytes
       Class:  1.88 KB
        Both:  2.75 KB

CodeHeap 'non-profiled nmethods': size=120000Kb used=895Kb max_used=895Kb free=119104Kb
 bounds [0x000001d725420000, 0x000001d725690000, 0x000001d72c950000]
CodeHeap 'profiled nmethods': size=120000Kb used=4100Kb max_used=4100Kb free=115899Kb
 bounds [0x000001d71def0000, 0x000001d71e300000, 0x000001d725420000]
CodeHeap 'non-nmethods': size=5760Kb used=1196Kb max_used=1199Kb free=4563Kb
 bounds [0x000001d71d950000, 0x000001d71dbc0000, 0x000001d71def0000]
 total_blobs=2641 nmethods=2089 adapters=463
 compilation: enabled
              stopped_count=0, restarted_count=0
 full_count=0

Compilation events (10 events):
Event: 5.872 Thread 0x000001d734263800 nmethod 2042 0x000001d71e2dab10 code [0x000001d71e2dacc0, 0x000001d71e2daea8]
Event: 5.872 Thread 0x000001d734263800 2043       3       java.lang.invoke.SimpleMethodHandle::<init> (7 bytes)
Event: 5.872 Thread 0x000001d734263800 nmethod 2043 0x000001d71e2daf90 code [0x000001d71e2db140, 0x000001d71e2db2e8]
Event: 5.875 Thread 0x000001d734263800 2044       3       java.lang.invoke.LambdaFormEditor::getInCache (186 bytes)
Event: 5.876 Thread 0x000001d734263800 nmethod 2044 0x000001d71e2db410 code [0x000001d71e2db680, 0x000001d71e2dc5c8]
Event: 5.876 Thread 0x000001d734263800 2045       3       java.lang.invoke.LambdaFormBuffer::indexOf (33 bytes)
Event: 5.876 Thread 0x000001d734263800 nmethod 2045 0x000001d71e2dc990 code [0x000001d71e2dcb60, 0x000001d71e2dcef8]
Event: 5.877 Thread 0x000001d734263800 2047       3       jdk.internal.org.objectweb.asm.MethodWriter::visitFrame (233 bytes)
Event: 5.878 Thread 0x000001d734263800 nmethod 2047 0x000001d71e2dd010 code [0x000001d71e2dd220, 0x000001d71e2dd9d8]
Event: 5.878 Thread 0x000001d734263800 2048       3       java.lang.invoke.MethodTypeForm::<init> (687 bytes)

GC Heap History (6 events):
Event: 1.092 GC heap before
{Heap before GC invocations=0 (full 0):
 garbage-first heap   total 131072K, used 23552K [0x0000000081400000, 0x0000000100000000)
  region size 1024K, 24 young (24576K), 0 survivors (0K)
 Metaspace       used 11136K, capacity 11320K, committed 11520K, reserved 1058816K
  class space    used 1082K, capacity 1162K, committed 1280K, reserved 1048576K
}
Event: 1.098 GC heap after
{Heap after GC invocations=1 (full 0):
 garbage-first heap   total 131072K, used 4878K [0x0000000081400000, 0x0000000100000000)
  region size 1024K, 3 young (3072K), 3 survivors (3072K)
 Metaspace       used 11136K, capacity 11320K, committed 11520K, reserved 1058816K
  class space    used 1082K, capacity 1162K, committed 1280K, reserved 1048576K
}
Event: 2.059 GC heap before
{Heap before GC invocations=1 (full 0):
 garbage-first heap   total 131072K, used 47886K [0x0000000081400000, 0x0000000100000000)
  region size 1024K, 46 young (47104K), 3 survivors (3072K)
 Metaspace       used 20753K, capacity 21203K, committed 21296K, reserved 1069056K
  class space    used 2211K, capacity 2420K, committed 2432K, reserved 1048576K
}
Event: 2.069 GC heap after
{Heap after GC invocations=2 (full 0):
 garbage-first heap   total 131072K, used 9134K [0x0000000081400000, 0x0000000100000000)
  region size 1024K, 8 young (8192K), 8 survivors (8192K)
 Metaspace       used 20753K, capacity 21203K, committed 21296K, reserved 1069056K
  class space    used 2211K, capacity 2420K, committed 2432K, reserved 1048576K
}
Event: 5.754 GC heap before
{Heap before GC invocations=3 (full 0):
 garbage-first heap   total 131072K, used 72622K [0x0000000081400000, 0x0000000100000000)
  region size 1024K, 53 young (54272K), 8 survivors (8192K)
 Metaspace       used 29021K, capacity 29762K, committed 30000K, reserved 1075200K
  class space    used 3344K, capacity 3645K, committed 3712K, reserved 1048576K
}
Event: 5.771 GC heap after
{Heap after GC invocations=4 (full 0):
 garbage-first heap   total 131072K, used 28983K [0x0000000081400000, 0x0000000100000000)
  region size 1024K, 3 young (3072K), 3 survivors (3072K)
 Metaspace       used 29021K, capacity 29762K, committed 30000K, reserved 1075200K
  class space    used 3344K, capacity 3645K, committed 3712K, reserved 1048576K
}

Deoptimization events (10 events):
Event: 1.795 Thread 0x000001d7154a8800 Uncommon trap: reason=unstable_if action=reinterpret pc=0x000001d7254389dc method=sun.nio.fs.WindowsPathParser.isSlash(C)Z @ 9 c2
Event: 1.822 Thread 0x000001d7154a8800 Uncommon trap: reason=unstable_if action=reinterpret pc=0x000001d72548f7b4 method=java.lang.CharacterDataLatin1.digit(II)I @ 7 c2
Event: 1.822 Thread 0x000001d7154a8800 Uncommon trap: reason=unstable_if action=reinterpret pc=0x000001d72548feb0 method=java.lang.CharacterDataLatin1.digit(II)I @ 7 c2
Event: 1.879 Thread 0x000001d7154a8800 Uncommon trap: reason=unstable_if action=reinterpret pc=0x000001d7254c2bd0 method=java.util.Properties$LineReader.readLine()I @ 464 c2
Event: 1.943 Thread 0x000001d7154a8800 Uncommon trap: reason=unstable_if action=reinterpret pc=0x000001d72549cb98 method=java.io.ByteArrayInputStream.read([BII)I @ 35 c2
Event: 1.943 Thread 0x000001d7154a8800 Uncommon trap: reason=unstable_if action=reinterpret pc=0x000001d725481c04 method=java.util.jar.JarFile.getVersionedEntry(Ljava/lang/String;Ljava/util/jar/JarEntry;)Ljava/util/jar/JarEntry; @ 7 c2
Event: 1.971 Thread 0x000001d7154a8800 Uncommon trap: reason=unstable_if action=reinterpret pc=0x000001d725493a30 method=java.lang.Integer.parseInt(Ljava/lang/String;I)I @ 119 c2
Event: 2.133 Thread 0x000001d7154a8800 Uncommon trap: reason=unstable_if action=reinterpret pc=0x000001d72549fa50 method=sun.security.util.DerInputStream.getLength(ILjava/io/InputStream;)I @ 51 c2
Event: 2.389 Thread 0x000001d7154a8800 Uncommon trap: reason=unstable_if action=reinterpret pc=0x000001d7254bd4a8 method=java.lang.String.replace(CC)Ljava/lang/String; @ 2 c2
Event: 2.952 Thread 0x000001d7154a8800 Uncommon trap: reason=unstable_if action=reinterpret pc=0x000001d725484bc8 method=jdk.internal.org.objectweb.asm.Type.getArgumentsAndReturnSizes(Ljava/lang/String;)I @ 41 c2

Classes redefined (0 events):
No events

Internal exceptions (10 events):
Event: 2.424 Thread 0x000001d736160000 Exception <a 'java/lang/NoSuchMethodError'{0x0000000087ebaad8}: java.lang.invoke.Invokers$Holder.linkToTargetMethod(Ljava/lang/Object;JLjava/lang/Object;)Ljava/lang/Object;> (0x0000000087ebaad8) thrown at [./open/src/hotspot/share/interpreter/linkResolver
Event: 2.915 Thread 0x000001d735fa6000 Exception <a 'java/net/SocketTimeoutException'{0x0000000087d07ec0}: connect timed out> (0x0000000087d07ec0) thrown at [./open/src/hotspot/share/prims/jni.cpp, line 632]
Event: 2.952 Thread 0x000001d7154a8800 Exception <a 'java/lang/NoSuchMethodError'{0x0000000087c81380}: java.lang.invoke.DirectMethodHandle$Holder.invokeVirtual(Ljava/lang/Object;Ljava/lang/Object;)D> (0x0000000087c81380) thrown at [./open/src/hotspot/share/interpreter/linkResolver.cpp, line 77
Event: 2.953 Thread 0x000001d7154a8800 Exception <a 'java/lang/NoSuchMethodError'{0x0000000087c87138}: java.lang.invoke.DirectMethodHandle$Holder.invokeVirtual(Ljava/lang/Object;Ljava/lang/Object;)F> (0x0000000087c87138) thrown at [./open/src/hotspot/share/interpreter/linkResolver.cpp, line 77
Event: 2.953 Thread 0x000001d7154a8800 Exception <a 'java/lang/NoSuchMethodError'{0x0000000087c8f5d0}: java.lang.invoke.DirectMethodHandle$Holder.invokeVirtual(Ljava/lang/Object;Ljava/lang/Object;)J> (0x0000000087c8f5d0) thrown at [./open/src/hotspot/share/interpreter/linkResolver.cpp, line 77
Event: 2.980 Thread 0x000001d7154a8800 Exception <a 'java/lang/NoSuchMethodError'{0x0000000087a05ee8}: java.lang.invoke.DirectMethodHandle$Holder.invokeSpecial(Ljava/lang/Object;Ljava/lang/Object;Ljava/lang/Object;Ljava/lang/Object;Ljava/lang/Object;)V> (0x0000000087a05ee8) thrown at [./open/s
Event: 2.981 Thread 0x000001d7154a8800 Exception <a 'java/lang/NoSuchMethodError'{0x0000000087a0c760}: java.lang.invoke.DirectMethodHandle$Holder.invokeStatic(Ljava/lang/Object;Ljava/lang/Object;I)V> (0x0000000087a0c760) thrown at [./open/src/hotspot/share/interpreter/linkResolver.cpp, line 77
Event: 3.014 Thread 0x000001d7154a8800 Exception <a 'java/lang/NoSuchMethodError'{0x00000000879da8b0}: java.lang.invoke.DirectMethodHandle$Holder.invokeSpecialIFC(Ljava/lang/Object;Ljava/lang/Object;Ljava/lang/Object;)I> (0x00000000879da8b0) thrown at [./open/src/hotspot/share/interpreter/link
Event: 3.089 Thread 0x000001d7154a8800 Exception <a 'java/lang/NoSuchMethodError'{0x00000000873944a8}: java.lang.invoke.DirectMethodHandle$Holder.invokeSpecial(Ljava/lang/Object;Ljava/lang/Object;Ljava/lang/Object;Ljava/lang/Object;Ljava/lang/Object;Ljava/lang/Object;)V> (0x00000000873944a8) t
Event: 5.832 Thread 0x000001d7154a8800 Exception <a 'java/lang/NoSuchMethodError'{0x00000000892f0fe0}: java.lang.invoke.DirectMethodHandle$Holder.invokeSpecialIFC(Ljava/lang/Object;Ljava/lang/Object;Ljava/lang/Object;)Ljava/lang/Object;> (0x00000000892f0fe0) thrown at [./open/src/hotspot/share

Events (10 events):
Event: 5.873 loading class java/lang/StackStreamFactory$StackFrameTraverser
Event: 5.873 loading class java/lang/StackStreamFactory$StackFrameTraverser done
Event: 5.873 loading class java/lang/StackStreamFactory$WalkerState
Event: 5.873 loading class java/lang/StackStreamFactory$WalkerState done
Event: 5.873 loading class java/lang/StackStreamFactory$1
Event: 5.873 loading class java/lang/StackStreamFactory$1 done
Event: 5.873 loading class java/lang/StackStreamFactory$StackFrameTraverser$StackFrameBuffer
Event: 5.873 loading class java/lang/StackStreamFactory$FrameBuffer
Event: 5.873 loading class java/lang/StackStreamFactory$FrameBuffer done
Event: 5.873 loading class java/lang/StackStreamFactory$StackFrameTraverser$StackFrameBuffer done


Dynamic libraries:
0x00007ff657550000 - 0x00007ff65755f000 	C:\Program Files\Java\jdk-11.0.11\bin\java.exe
0x00007ffe6dce0000 - 0x00007ffe6dee7000 	C:\WINDOWS\SYSTEM32\ntdll.dll
0x00007ffe6c950000 - 0x00007ffe6ca0d000 	C:\WINDOWS\System32\KERNEL32.DLL
0x00007ffe6b1d0000 - 0x00007ffe6b544000 	C:\WINDOWS\System32\KERNELBASE.dll
0x00007ffe6b5c0000 - 0x00007ffe6b6d1000 	C:\WINDOWS\System32\ucrtbase.dll
0x00007ffe663f0000 - 0x00007ffe66405000 	C:\Program Files\Java\jdk-11.0.11\bin\VCRUNTIME140.dll
0x00007ffe66600000 - 0x00007ffe66618000 	C:\Program Files\Java\jdk-11.0.11\bin\jli.dll
0x00007ffe6d630000 - 0x00007ffe6d6de000 	C:\WINDOWS\System32\ADVAPI32.dll
0x00007ffe6c840000 - 0x00007ffe6c8e3000 	C:\WINDOWS\System32\msvcrt.dll
0x00007ffe6cd50000 - 0x00007ffe6cdee000 	C:\WINDOWS\System32\sechost.dll
0x00007ffe6c570000 - 0x00007ffe6c690000 	C:\WINDOWS\System32\RPCRT4.dll
0x00007ffe6cac0000 - 0x00007ffe6cc6c000 	C:\WINDOWS\System32\USER32.dll
0x00007ffe6bb50000 - 0x00007ffe6bb76000 	C:\WINDOWS\System32\win32u.dll
0x00007ffe522a0000 - 0x00007ffe52545000 	C:\WINDOWS\WinSxS\amd64_microsoft.windows.common-controls_6595b64144ccf1df_6.0.22000.120_none_9d947278b86cc467\COMCTL32.dll
0x00007ffe6d990000 - 0x00007ffe6d9b9000 	C:\WINDOWS\System32\GDI32.dll
0x00007ffe6ba30000 - 0x00007ffe6bb42000 	C:\WINDOWS\System32\gdi32full.dll
0x00007ffe6b990000 - 0x00007ffe6ba2d000 	C:\WINDOWS\System32\msvcp_win.dll
0x00007ffe646e0000 - 0x00007ffe646ea000 	C:\WINDOWS\SYSTEM32\VERSION.dll
0x00007ffe6cc80000 - 0x00007ffe6ccb1000 	C:\WINDOWS\System32\IMM32.DLL
0x00007ffe5fb00000 - 0x00007ffe5fb9b000 	C:\Program Files\Java\jdk-11.0.11\bin\msvcp140.dll
0x00007ffe2e3e0000 - 0x00007ffe2eede000 	C:\Program Files\Java\jdk-11.0.11\bin\server\jvm.dll
0x00007ffe6c560000 - 0x00007ffe6c568000 	C:\WINDOWS\System32\PSAPI.DLL
0x00007ffe65f00000 - 0x00007ffe65f33000 	C:\WINDOWS\SYSTEM32\WINMM.dll
0x00007ffe57e30000 - 0x00007ffe57e39000 	C:\WINDOWS\SYSTEM32\WSOCK32.dll
0x00007ffe6ccc0000 - 0x00007ffe6cd2f000 	C:\WINDOWS\System32\WS2_32.dll
0x00007ffe6a380000 - 0x00007ffe6a398000 	C:\WINDOWS\SYSTEM32\kernel.appcore.dll
0x00007ffe66860000 - 0x00007ffe66870000 	C:\Program Files\Java\jdk-11.0.11\bin\verify.dll
0x00007ffe57a80000 - 0x00007ffe57ca1000 	C:\WINDOWS\SYSTEM32\DBGHELP.DLL
0x00007ffe53a90000 - 0x00007ffe53ac1000 	C:\WINDOWS\SYSTEM32\dbgcore.DLL
0x00007ffe6b7a0000 - 0x00007ffe6b81f000 	C:\WINDOWS\System32\bcryptPrimitives.dll
0x00007ffe5fad0000 - 0x00007ffe5faf8000 	C:\Program Files\Java\jdk-11.0.11\bin\java.dll
0x00007ffe66760000 - 0x00007ffe6676a000 	C:\Program Files\Java\jdk-11.0.11\bin\jimage.dll
0x00007ffe66720000 - 0x00007ffe6672e000 	C:\Program Files\Java\jdk-11.0.11\bin\instrument.dll
0x00007ffe663d0000 - 0x00007ffe663e6000 	C:\Program Files\Java\jdk-11.0.11\bin\zip.dll
0x00007ffe6cdf0000 - 0x00007ffe6d59e000 	C:\WINDOWS\System32\SHELL32.dll
0x00007ffe69310000 - 0x00007ffe69b77000 	C:\WINDOWS\SYSTEM32\windows.storage.dll
0x00007ffe6bb80000 - 0x00007ffe6bef8000 	C:\WINDOWS\System32\combase.dll
0x00007ffe691a0000 - 0x00007ffe69306000 	C:\WINDOWS\SYSTEM32\wintypes.dll
0x00007ffe6c450000 - 0x00007ffe6c53a000 	C:\WINDOWS\System32\SHCORE.dll
0x00007ffe6daa0000 - 0x00007ffe6dafd000 	C:\WINDOWS\System32\shlwapi.dll
0x00007ffe6b100000 - 0x00007ffe6b121000 	C:\WINDOWS\SYSTEM32\profapi.dll
0x00007ffe66390000 - 0x00007ffe663a9000 	C:\Program Files\Java\jdk-11.0.11\bin\net.dll
0x00007ffe65a90000 - 0x00007ffe65b9c000 	C:\WINDOWS\SYSTEM32\WINHTTP.dll
0x00007ffe6a7f0000 - 0x00007ffe6a857000 	C:\WINDOWS\system32\mswsock.dll
0x00007ffe5fab0000 - 0x00007ffe5fac2000 	C:\Program Files\Java\jdk-11.0.11\bin\nio.dll
0x00007ffe58ae0000 - 0x00007ffe58afa000 	C:\Program Files\JetBrains\IntelliJ IDEA Community Edition 2021.3.1\bin\breakgen64.dll
0x00007ffe6aa40000 - 0x00007ffe6aa58000 	C:\WINDOWS\SYSTEM32\CRYPTSP.dll
0x00007ffe6a2e0000 - 0x00007ffe6a315000 	C:\WINDOWS\system32\rsaenh.dll
0x00007ffe6a8e0000 - 0x00007ffe6a909000 	C:\WINDOWS\SYSTEM32\USERENV.dll
0x00007ffe6abb0000 - 0x00007ffe6abd7000 	C:\WINDOWS\SYSTEM32\bcrypt.dll
0x00007ffe6aa30000 - 0x00007ffe6aa3c000 	C:\WINDOWS\SYSTEM32\CRYPTBASE.dll
0x00007ffe69ef0000 - 0x00007ffe69f1d000 	C:\WINDOWS\SYSTEM32\IPHLPAPI.DLL
0x00007ffe6cc70000 - 0x00007ffe6cc79000 	C:\WINDOWS\System32\NSI.dll
0x00007ffe65a20000 - 0x00007ffe65a39000 	C:\WINDOWS\SYSTEM32\dhcpcsvc6.DLL
0x00007ffe65ee0000 - 0x00007ffe65efe000 	C:\WINDOWS\SYSTEM32\dhcpcsvc.DLL
0x00007ffe69f70000 - 0x00007ffe6a057000 	C:\WINDOWS\SYSTEM32\DNSAPI.dll
0x00007ffe57e00000 - 0x00007ffe57e25000 	C:\Program Files\Java\jdk-11.0.11\bin\sunec.dll
0x00007ffe646c0000 - 0x00007ffe646ca000 	C:\Windows\System32\rasadhlp.dll
0x00007ffe646f0000 - 0x00007ffe64771000 	C:\WINDOWS\System32\fwpuclnt.dll
0x00007ffe66460000 - 0x00007ffe66469000 	C:\Program Files\Java\jdk-11.0.11\bin\management.dll
0x00007ffe60a40000 - 0x00007ffe60a4b000 	C:\Program Files\Java\jdk-11.0.11\bin\management_ext.dll
0x00007ffe526d0000 - 0x00007ffe526e7000 	C:\WINDOWS\system32\napinsp.dll
0x00007ffe52590000 - 0x00007ffe525ab000 	C:\WINDOWS\system32\pnrpnsp.dll
0x00007ffe52570000 - 0x00007ffe52582000 	C:\WINDOWS\System32\winrnr.dll
0x00007ffe64f50000 - 0x00007ffe64f65000 	C:\WINDOWS\system32\wshbth.dll
0x00007ffe52550000 - 0x00007ffe5256f000 	C:\WINDOWS\system32\nlansp_c.dll

dbghelp: loaded successfully - version: 4.0.5 - missing functions: none
symbol engine: initialized successfully - sym options: 0x614 - pdb path: .;C:\Program Files\Java\jdk-11.0.11\bin;C:\WINDOWS\SYSTEM32;C:\WINDOWS\WinSxS\amd64_microsoft.windows.common-controls_6595b64144ccf1df_6.0.22000.120_none_9d947278b86cc467;C:\Program Files\Java\jdk-11.0.11\bin\server;C:\Program Files\JetBrains\IntelliJ IDEA Community Edition 2021.3.1\bin

VM Arguments:
jvm_args: -ea -Didea.test.cyclic.buffer.size=1048576 -javaagent:C:\Program Files\JetBrains\IntelliJ IDEA Community Edition 2021.3.1\lib\idea_rt.jar=60907:C:\Program Files\JetBrains\IntelliJ IDEA Community Edition 2021.3.1\bin -Dfile.encoding=UTF-8 
java_command: com.intellij.rt.testng.RemoteTestNGStarter -usedefaultlisteners false -socket60906 @w@C:\Users\fatih\AppData\Local\Temp\idea_working_dirs_testng.tmp -temp C:\Users\fatih\AppData\Local\Temp\idea_testng.tmp
java_class_path (initial): C:\Program Files\JetBrains\IntelliJ IDEA Community Edition 2021.3.1\lib\idea_rt.jar;C:\Program Files\JetBrains\IntelliJ IDEA Community Edition 2021.3.1\plugins\testng\lib\testng-rt.jar;C:\Users\fatih\IdeaProjects\com.TestNGBatch44\target\test-classes;C:\Users\fatih\.m2\repository\io\github\bonigarcia\webdrivermanager\5.0.3\webdrivermanager-5.0.3.jar;C:\Users\fatih\.m2\repository\org\slf4j\slf4j-api\1.7.32\slf4j-api-1.7.32.jar;C:\Users\fatih\.m2\repository\com\google\code\gson\gson\2.8.8\gson-2.8.8.jar;C:\Users\fatih\.m2\repository\org\jsoup\jsoup\1.14.2\jsoup-1.14.2.jar;C:\Users\fatih\.m2\repository\com\github\docker-java\docker-java\3.2.12\docker-java-3.2.12.jar;C:\Users\fatih\.m2\repository\com\github\docker-java\docker-java-core\3.2.12\docker-java-core-3.2.12.jar;C:\Users\fatih\.m2\repository\com\github\docker-java\docker-java-api\3.2.12\docker-java-api-3.2.12.jar;C:\Users\fatih\.m2\repository\com\fasterxml\jackson\core\jackson-annotations\2.10.3\jackson-annotations-2.10.3.jar;C:\Users\fatih\.m2\repository\commons-io\commons-io\2.6\commons-io-2.6.jar;C:\Users\fatih\.m2\repository\org\apache\commons\commons-compress\1.21\commons-compress-1.21.jar;C:\Users\fatih\.m2\repository\commons-lang\commons-lang\2.6\commons-lang-2.6.jar;C:\Users\fatih\.m2\repository\com\fasterxml\jackson\core\jackson-databind\2.10.3\jackson-databind-2.10.3.jar;C:\Users\fatih\.m2\repository\com\fasterxml\jackson\core\jackson-core\2.10.3\jackson-core-2.10.3.jar;C:\Users\fatih\.m2\repository\org\bouncycastle\bcpkix-jdk15on\1.64\bcpkix-jdk15on-1.64.jar;C:\Users\fatih\.m2\repository\org\bouncycastle\bcprov-jdk15on\1.64\bcprov-jdk15on-1.64.jar;C:\Users\fatih\.m2\repository\org\slf4j\jcl-over-slf4j\1.7.30\jcl-over-slf4j-1.7.30.jar;C:\Users\fatih\.m2\repository\com\github\docker-java\docker-java-transport-httpclient5\3.2.12\docker-java-transport-httpclient5-3.2.12.jar;C:\Users\fatih\.m2\repository\com\github\docker-java\docker-java-transport\3.2.12\docker-java-transport-
Launcher Type: SUN_STANDARD

[Global flags]
     intx CICompilerCount                          = 4                                         {product} {ergonomic}
     uint ConcGCThreads                            = 2                                         {product} {ergonomic}
     uint G1ConcRefinementThreads                  = 8                                         {product} {ergonomic}
   size_t G1HeapRegionSize                         = 1048576                                   {product} {ergonomic}
    uintx GCDrainStackTargetSize                   = 64                                        {product} {ergonomic}
   size_t InitialHeapSize                          = 134217728                                 {product} {ergonomic}
   size_t MarkStackSize                            = 4194304                                   {product} {ergonomic}
   size_t MaxHeapSize                              = 2126512128                                {product} {ergonomic}
   size_t MaxNewSize                               = 1275068416                                {product} {ergonomic}
   size_t MinHeapDeltaBytes                        = 1048576                                   {product} {ergonomic}
    uintx NonNMethodCodeHeapSize                   = 5836300                                {pd product} {ergonomic}
    uintx NonProfiledCodeHeapSize                  = 122910970                              {pd product} {ergonomic}
    uintx ProfiledCodeHeapSize                     = 122910970                              {pd product} {ergonomic}
    uintx ReservedCodeCacheSize                    = 251658240                              {pd product} {ergonomic}
     bool SegmentedCodeCache                       = true                                      {product} {ergonomic}
     bool UseCompressedClassPointers               = true                                 {lp64_product} {ergonomic}
     bool UseCompressedOops                        = true                                 {lp64_product} {ergonomic}
     bool UseG1GC                                  = true                                      {product} {ergonomic}
     bool UseLargePagesIndividualAllocation        = false                                  {pd product} {ergonomic}

Logging:
Log output configuration:
 #0: stdout all=warning uptime,level,tags
 #1: stderr all=off uptime,level,tags

Environment Variables:
JAVA_HOME=C:\Program Files\Java\jdk-11.0.11
PATH=C:\oraclexe\app\oracle\product\11.2.0\server\bin;;C:\Program Files\Common Files\Oracle\Java\javapath;C:\WINDOWS\system32;C:\WINDOWS;C:\WINDOWS\System32\Wbem;C:\WINDOWS\System32\WindowsPowerShell\v1.0\;C:\WINDOWS\System32\OpenSSH\;C:\Program Files\Git\cmd;C:\Program Files\MySQL\MySQL Shell 8.0\bin\;C:\Users\fatih\AppData\Local\Microsoft\WindowsApps;C:\Program Files\Java\jdk-11.0.11\bin;C:\Users\fatih\AppData\Local\Programs\Microsoft VS Code\bin;C:\Program Files\apache-maven-3.8.4-bin\apache-maven-3.8.4\bin;
USERNAME=fatih
OS=Windows_NT
PROCESSOR_IDENTIFIER=Intel64 Family 6 Model 142 Stepping 10, GenuineIntel



---------------  S Y S T E M  ---------------

OS: Windows 10 , 64 bit Build 22000 (10.0.22000.434)
Hyper-V role detected

CPU:total 8 (initial active 8) (4 cores per cpu, 2 threads per core) family 6 model 142 stepping 10 microcode 0xe8, cmov, cx8, fxsr, mmx, sse, sse2, sse3, ssse3, sse4.1, sse4.2, popcnt, avx, avx2, aes, clmul, erms, 3dnowpref, lzcnt, ht, tsc, tscinvbit, bmi1, bmi2, adx, fma

Memory: 4k page, system-wide physical 8108M (425M free)
TotalPageFile size 23243M (AvailPageFile size 79M)
current process WorkingSet (physical memory assigned to process): 195M, peak: 195M
current process commit charge ("private bytes"): 284M, peak: 284M

vm_info: Java HotSpot(TM) 64-Bit Server VM (11.0.11+9-LTS-194) for windows-amd64 JRE (11.0.11+9-LTS-194), built on Mar 18 2021 18:46:53 by "mach5one" with MS VC++ 15.9 (VS2017)

END.
